<?xml version="1.0" encoding="UTF-8"?>
<!-- Generated by org.testng.reporters.JUnitXMLReporter -->
<testsuite ignored="1" hostname="sudhakarwin" failures="0" tests="11" name="c1" time="23.216" errors="0" timestamp="2021-04-22T15:12:04 IST">
  <testcase classname="com.ngtests.DemoTest1" name="Test3" time="0.012"/>
  <testcase classname="com.ngtests.DemoTest1" name="Test4" time="0.0"/>
  <testcase classname="com.ngtests.DemoTest1" name="Test1" time="0.0"/>
  <testcase classname="com.ngtests.DemoTest1" name="Test2" time="0.001"/>
  <testcase classname="com.ngtests.GoogleTest" name="CreateAndSendMail" time="0.0"/>
  <testcase classname="com.ngtests.OhrmAddDeleteEmployeeTest" name="OpenApplication" time="7.961"/>
  <testcase classname="com.ngtests.OhrmAddDeleteEmployeeTest" name="Login" time="3.496"/>
  <testcase classname="com.ngtests.OhrmAddDeleteEmployeeTest" name="AddEmployee" time="6.743"/>
  <testcase classname="com.ngtests.OhrmAddDeleteEmployeeTest" name="DeleteEmployee" time="3.868"/>
  <testcase classname="com.ngtests.OhrmAddDeleteEmployeeTest" name="Logout" time="0.0"/>
  <testcase classname="com.ngtests.OhrmAddDeleteEmployeeTest" name="CloseApplication" time="0.982"/>
  <testcase classname="com.ngtests.GoogleTest" name="CheckMail" time="0.0">
    <ignored/>
  </testcase> <!-- CheckMail -->
</testsuite> <!-- c1 -->
