<?xml version="1.0" encoding="UTF-8"?>
<testng-results ignored="1" total="12" passed="11" failed="0" skipped="0">
  <reporter-output>
  </reporter-output>
  <suite started-at="2021-04-22T15:11:40 IST" name="reg" finished-at="2021-04-22T15:12:04 IST" duration-ms="23216">
    <groups>
    </groups>
    <test started-at="2021-04-22T15:11:40 IST" name="c1" finished-at="2021-04-22T15:12:04 IST" duration-ms="23216">
      <class name="com.ngtests.DemoTest1">
        <test-method signature="Test3()[pri:0, instance:com.ngtests.DemoTest1@77c2494c]" started-at="2021-04-22T15:11:40 IST" name="Test3" finished-at="2021-04-22T15:11:40 IST" duration-ms="12" status="PASS">
          <reporter-output>
          </reporter-output>
        </test-method> <!-- Test3 -->
        <test-method signature="Test4()[pri:0, instance:com.ngtests.DemoTest1@77c2494c]" started-at="2021-04-22T15:11:40 IST" name="Test4" finished-at="2021-04-22T15:11:40 IST" duration-ms="0" status="PASS">
          <reporter-output>
          </reporter-output>
        </test-method> <!-- Test4 -->
        <test-method signature="Test1()[pri:1, instance:com.ngtests.DemoTest1@77c2494c]" started-at="2021-04-22T15:11:40 IST" name="Test1" finished-at="2021-04-22T15:11:40 IST" duration-ms="0" status="PASS">
          <reporter-output>
          </reporter-output>
        </test-method> <!-- Test1 -->
        <test-method signature="Test2()[pri:3, instance:com.ngtests.DemoTest1@77c2494c]" started-at="2021-04-22T15:11:40 IST" name="Test2" finished-at="2021-04-22T15:11:40 IST" duration-ms="1" status="PASS">
          <reporter-output>
          </reporter-output>
        </test-method> <!-- Test2 -->
      </class> <!-- com.ngtests.DemoTest1 -->
      <class name="com.ngtests.GoogleTest">
        <test-method is-config="true" signature="openApplication()[pri:0, instance:com.ngtests.GoogleTest@6f4a47c7]" started-at="2021-04-22T15:11:40 IST" name="openApplication" finished-at="2021-04-22T15:11:40 IST" duration-ms="2" status="PASS">
          <reporter-output>
          </reporter-output>
        </test-method> <!-- openApplication -->
        <test-method is-config="true" signature="login()[pri:0, instance:com.ngtests.GoogleTest@6f4a47c7]" started-at="2021-04-22T15:11:40 IST" name="login" finished-at="2021-04-22T15:11:40 IST" duration-ms="3" status="PASS">
          <reporter-output>
          </reporter-output>
        </test-method> <!-- login -->
        <test-method signature="CreateAndSendMail()[pri:0, instance:com.ngtests.GoogleTest@6f4a47c7]" started-at="2021-04-22T15:11:40 IST" name="CreateAndSendMail" finished-at="2021-04-22T15:11:40 IST" duration-ms="0" status="PASS">
          <reporter-output>
          </reporter-output>
        </test-method> <!-- CreateAndSendMail -->
        <test-method is-config="true" signature="logout()[pri:0, instance:com.ngtests.GoogleTest@6f4a47c7]" started-at="2021-04-22T15:11:40 IST" name="logout" finished-at="2021-04-22T15:11:40 IST" duration-ms="1" status="PASS">
          <reporter-output>
          </reporter-output>
        </test-method> <!-- logout -->
        <test-method is-config="true" signature="closeApplication()[pri:0, instance:com.ngtests.GoogleTest@6f4a47c7]" started-at="2021-04-22T15:11:40 IST" name="closeApplication" finished-at="2021-04-22T15:11:40 IST" duration-ms="1" status="PASS">
          <reporter-output>
          </reporter-output>
        </test-method> <!-- closeApplication -->
      </class> <!-- com.ngtests.GoogleTest -->
      <class name="com.ngtests.OhrmAddDeleteEmployeeTest">
        <test-method signature="OpenApplication()[pri:0, instance:com.ngtests.OhrmAddDeleteEmployeeTest@43c1b556]" started-at="2021-04-22T15:11:40 IST" name="OpenApplication" finished-at="2021-04-22T15:11:48 IST" duration-ms="7961" status="PASS">
          <reporter-output>
          </reporter-output>
        </test-method> <!-- OpenApplication -->
        <test-method signature="Login()[pri:0, instance:com.ngtests.OhrmAddDeleteEmployeeTest@43c1b556]" started-at="2021-04-22T15:11:48 IST" name="Login" finished-at="2021-04-22T15:11:52 IST" depends-on-methods="com.ngtests.OhrmAddDeleteEmployeeTest.OpenApplication" duration-ms="3496" status="PASS">
          <reporter-output>
          </reporter-output>
        </test-method> <!-- Login -->
        <test-method signature="AddEmployee()[pri:0, instance:com.ngtests.OhrmAddDeleteEmployeeTest@43c1b556]" started-at="2021-04-22T15:11:52 IST" name="AddEmployee" finished-at="2021-04-22T15:11:59 IST" depends-on-methods="com.ngtests.OhrmAddDeleteEmployeeTest.Login" duration-ms="6743" status="PASS">
          <reporter-output>
          </reporter-output>
        </test-method> <!-- AddEmployee -->
        <test-method signature="DeleteEmployee()[pri:0, instance:com.ngtests.OhrmAddDeleteEmployeeTest@43c1b556]" started-at="2021-04-22T15:11:59 IST" name="DeleteEmployee" finished-at="2021-04-22T15:12:03 IST" depends-on-methods="com.ngtests.OhrmAddDeleteEmployeeTest.AddEmployee" duration-ms="3868" status="PASS">
          <reporter-output>
          </reporter-output>
        </test-method> <!-- DeleteEmployee -->
        <test-method signature="Logout()[pri:0, instance:com.ngtests.OhrmAddDeleteEmployeeTest@43c1b556]" started-at="2021-04-22T15:12:03 IST" name="Logout" finished-at="2021-04-22T15:12:03 IST" depends-on-methods="com.ngtests.OhrmAddDeleteEmployeeTest.DeleteEmployee" duration-ms="0" status="PASS">
          <reporter-output>
          </reporter-output>
        </test-method> <!-- Logout -->
        <test-method signature="CloseApplication()[pri:0, instance:com.ngtests.OhrmAddDeleteEmployeeTest@43c1b556]" started-at="2021-04-22T15:12:03 IST" name="CloseApplication" finished-at="2021-04-22T15:12:04 IST" depends-on-methods="com.ngtests.OhrmAddDeleteEmployeeTest.Logout" duration-ms="982" status="PASS">
          <reporter-output>
          </reporter-output>
        </test-method> <!-- CloseApplication -->
      </class> <!-- com.ngtests.OhrmAddDeleteEmployeeTest -->
    </test> <!-- c1 -->
  </suite> <!-- reg -->
</testng-results>
